Performing C SOURCE FILE Test CMAKE_HAVE_LIBC_PTHREAD failed with the following output:
Change Dir: /home/milli/catkin_ws/src/Hands_on_Planning/build/CMakeFiles/CMakeTmp

Run Build Command(s):/usr/bin/make cmTC_406c5/fast && /usr/bin/make -f CMakeFiles/cmTC_406c5.dir/build.make CMakeFiles/cmTC_406c5.dir/build
make[1]: Entering directory '/home/milli/catkin_ws/src/Hands_on_Planning/build/CMakeFiles/CMakeTmp'
/usr/bin/cmake: /usr/local/MATLAB/R2023b/bin/glnxa64/libcurl.so.4: no version information available (required by /usr/bin/cmake)
Building C object CMakeFiles/cmTC_406c5.dir/src.c.o
/usr/bin/cc   -DCMAKE_HAVE_LIBC_PTHREAD   -o CMakeFiles/cmTC_406c5.dir/src.c.o   -c /home/milli/catkin_ws/src/Hands_on_Planning/build/CMakeFiles/CMakeTmp/src.c
/usr/bin/cmake: /usr/local/MATLAB/R2023b/bin/glnxa64/libcurl.so.4: no version information available (required by /usr/bin/cmake)
Linking C executable cmTC_406c5
/usr/bin/cmake -E cmake_link_script CMakeFiles/cmTC_406c5.dir/link.txt --verbose=1
/usr/bin/cmake: /usr/local/MATLAB/R2023b/bin/glnxa64/libcurl.so.4: no version information available (required by /usr/bin/cmake)
/usr/bin/cc  -DCMAKE_HAVE_LIBC_PTHREAD    -rdynamic CMakeFiles/cmTC_406c5.dir/src.c.o  -o cmTC_406c5 
/usr/bin/ld: CMakeFiles/cmTC_406c5.dir/src.c.o: in function `main':
src.c:(.text+0x46): undefined reference to `pthread_create'
/usr/bin/ld: src.c:(.text+0x52): undefined reference to `pthread_detach'
/usr/bin/ld: src.c:(.text+0x63): undefined reference to `pthread_join'
collect2: error: ld returned 1 exit status
make[1]: *** [CMakeFiles/cmTC_406c5.dir/build.make:87: cmTC_406c5] Error 1
make[1]: Leaving directory '/home/milli/catkin_ws/src/Hands_on_Planning/build/CMakeFiles/CMakeTmp'
make: *** [Makefile:121: cmTC_406c5/fast] Error 2


Source file was:
#include <pthread.h>

void* test_func(void* data)
{
  return data;
}

int main(void)
{
  pthread_t thread;
  pthread_create(&thread, NULL, test_func, NULL);
  pthread_detach(thread);
  pthread_join(thread, NULL);
  pthread_atfork(NULL, NULL, NULL);
  pthread_exit(NULL);

  return 0;
}

Determining if the function pthread_create exists in the pthreads failed with the following output:
Change Dir: /home/milli/catkin_ws/src/Hands_on_Planning/build/CMakeFiles/CMakeTmp

Run Build Command(s):/usr/bin/make cmTC_034a2/fast && /usr/bin/make -f CMakeFiles/cmTC_034a2.dir/build.make CMakeFiles/cmTC_034a2.dir/build
make[1]: Entering directory '/home/milli/catkin_ws/src/Hands_on_Planning/build/CMakeFiles/CMakeTmp'
/usr/bin/cmake: /usr/local/MATLAB/R2023b/bin/glnxa64/libcurl.so.4: no version information available (required by /usr/bin/cmake)
Building C object CMakeFiles/cmTC_034a2.dir/CheckFunctionExists.c.o
/usr/bin/cc   -DCHECK_FUNCTION_EXISTS=pthread_create   -o CMakeFiles/cmTC_034a2.dir/CheckFunctionExists.c.o   -c /usr/share/cmake-3.16/Modules/CheckFunctionExists.c
/usr/bin/cmake: /usr/local/MATLAB/R2023b/bin/glnxa64/libcurl.so.4: no version information available (required by /usr/bin/cmake)
Linking C executable cmTC_034a2
/usr/bin/cmake -E cmake_link_script CMakeFiles/cmTC_034a2.dir/link.txt --verbose=1
/usr/bin/cmake: /usr/local/MATLAB/R2023b/bin/glnxa64/libcurl.so.4: no version information available (required by /usr/bin/cmake)
/usr/bin/cc  -DCHECK_FUNCTION_EXISTS=pthread_create    -rdynamic CMakeFiles/cmTC_034a2.dir/CheckFunctionExists.c.o  -o cmTC_034a2  -lpthreads 
/usr/bin/ld: cannot find -lpthreads
collect2: error: ld returned 1 exit status
make[1]: *** [CMakeFiles/cmTC_034a2.dir/build.make:87: cmTC_034a2] Error 1
make[1]: Leaving directory '/home/milli/catkin_ws/src/Hands_on_Planning/build/CMakeFiles/CMakeTmp'
make: *** [Makefile:121: cmTC_034a2/fast] Error 2



